e:\works\pc1\lightsmoke\movie\movie\debug\vc141.pdb
e:\works\pc1\lightsmoke\movie\movie\debug\vc141.idb
e:\works\pc1\lightsmoke\movie\movie\debug\movie.obj
e:\works\pc1\lightsmoke\movie\movie\debug\movie.pch
e:\works\pc1\lightsmoke\movie\movie\debug\pch.obj
e:\works\pc1\lightsmoke\movie\movie\debug\server.obj
e:\works\pc1\lightsmoke\movie\debug\movie.pdb
e:\works\pc1\lightsmoke\movie\movie\debug\movie.tlog\cl.command.1.tlog
e:\works\pc1\lightsmoke\movie\movie\debug\movie.tlog\cl.read.1.tlog
e:\works\pc1\lightsmoke\movie\movie\debug\movie.tlog\cl.write.1.tlog
e:\works\pc1\lightsmoke\movie\movie\debug\movie.tlog\link-cvtres.read.1.tlog
e:\works\pc1\lightsmoke\movie\movie\debug\movie.tlog\link-cvtres.write.1.tlog
e:\works\pc1\lightsmoke\movie\movie\debug\movie.tlog\link-rc.read.1.tlog
e:\works\pc1\lightsmoke\movie\movie\debug\movie.tlog\link-rc.write.1.tlog
e:\works\pc1\lightsmoke\movie\movie\debug\movie.tlog\link.12256-cvtres.read.1.tlog
e:\works\pc1\lightsmoke\movie\movie\debug\movie.tlog\link.12256-cvtres.write.1.tlog
e:\works\pc1\lightsmoke\movie\movie\debug\movie.tlog\link.12256-rc.read.1.tlog
e:\works\pc1\lightsmoke\movie\movie\debug\movie.tlog\link.12256-rc.write.1.tlog
e:\works\pc1\lightsmoke\movie\movie\debug\movie.tlog\link.12256.read.1.tlog
e:\works\pc1\lightsmoke\movie\movie\debug\movie.tlog\link.12256.write.1.tlog
e:\works\pc1\lightsmoke\movie\movie\debug\movie.tlog\link.command.1.tlog
e:\works\pc1\lightsmoke\movie\movie\debug\movie.tlog\link.read.1.tlog
e:\works\pc1\lightsmoke\movie\movie\debug\movie.tlog\link.write.1.tlog
